c:\users\javip\documents\vikings\x64\debug\vc142.pdb
c:\users\javip\documents\vikings\x64\debug\vc142.idb
c:\users\javip\documents\vikings\x64\debug\tilemap.obj
c:\users\javip\documents\vikings\x64\debug\text.obj
c:\users\javip\documents\vikings\x64\debug\staticimage.obj
c:\users\javip\documents\vikings\x64\debug\sprite.obj
c:\users\javip\documents\vikings\x64\debug\shotmanager.obj
c:\users\javip\documents\vikings\x64\debug\shot.obj
c:\users\javip\documents\vikings\x64\debug\scene.obj
c:\users\javip\documents\vikings\x64\debug\resourcemanager.obj
c:\users\javip\documents\vikings\x64\debug\rendercomponent.obj
c:\users\javip\documents\vikings\x64\debug\player.obj
c:\users\javip\documents\vikings\x64\debug\particlemanager.obj
c:\users\javip\documents\vikings\x64\debug\particle.obj
c:\users\javip\documents\vikings\x64\debug\object.obj
c:\users\javip\documents\vikings\x64\debug\main.obj
c:\users\javip\documents\vikings\x64\debug\game.obj
c:\users\javip\documents\vikings\x64\debug\entity.obj
c:\users\javip\documents\vikings\x64\debug\aabb.obj
c:\users\javip\documents\vikings\x64\debug\vikings.tlog\cl.command.1.tlog
c:\users\javip\documents\vikings\x64\debug\vikings.tlog\cl.read.1.tlog
c:\users\javip\documents\vikings\x64\debug\vikings.tlog\cl.write.1.tlog
